Using pre-set license
Built from '2020.3/release' branch; Version is '2020.3.1f1 (77a89f25062f) revision 7841951'; Using compiler version '192528614'; Build Type 'Release'
OS: 'Windows 10 Pro; OS build 19042.867; Version 2009; 64bit' Language: 'tr' Physical Memory: 8127 MB
BatchMode: 1, IsHumanControllingUs: 0, StartBugReporterOnCrash: 0, Is64bit: 1, IsPro: 0

 COMMAND LINE ARGUMENTS:
C:\Program Files\Unity\Hub\Editor\2020.3.1f1\Editor\Unity.exe
-adb2
-batchMode
-noUpm
-name
AssetImportWorker0
-projectPath
C:/Users/kaos/Documents/MLProjects/DeepReinforcementLearning
-logFile
Logs/AssetImportWorker0.log
-srvPort
55348
Successfully changed project path to: C:/Users/kaos/Documents/MLProjects/DeepReinforcementLearning
C:/Users/kaos/Documents/MLProjects/DeepReinforcementLearning
Using Asset Import Pipeline V2.
Refreshing native plugins compatible for Editor in 40.26 ms, found 2 plugins.
Preloading 0 native plugins for Editor in 0.00 ms.
Initialize engine version: 2020.3.1f1 (77a89f25062f)
[Subsystems] Discovering subsystems at path C:/Program Files/Unity/Hub/Editor/2020.3.1f1/Editor/Data/Resources/UnitySubsystems
[Subsystems] Discovering subsystems at path C:/Users/kaos/Documents/MLProjects/DeepReinforcementLearning/Assets
GfxDevice: creating device client; threaded=0
Direct3D:
    Version:  Direct3D 11.0 [level 11.0]
    Renderer: NVIDIA GeForce GT 730 (ID=0xf02)
    Vendor:   
    VRAM:     4041 MB
    Driver:   23.21.13.8819
Initialize mono
Mono path[0] = 'C:/Program Files/Unity/Hub/Editor/2020.3.1f1/Editor/Data/Managed'
Mono path[1] = 'C:/Program Files/Unity/Hub/Editor/2020.3.1f1/Editor/Data/MonoBleedingEdge/lib/mono/unityjit'
Mono config path = 'C:/Program Files/Unity/Hub/Editor/2020.3.1f1/Editor/Data/MonoBleedingEdge/etc'
Using monoOptions --debugger-agent=transport=dt_socket,embedding=1,server=y,suspend=n,address=127.0.0.1:56384
Begin MonoManager ReloadAssembly
Registering precompiled unity dll's ...
Register platform support module: C:/Program Files/Unity/Hub/Editor/2020.3.1f1/Editor/Data/PlaybackEngines/WindowsStandaloneSupport/UnityEditor.WindowsStandalone.Extensions.dll
Registered in 0.001502 seconds.
Native extension for WindowsStandalone target not found
Refreshing native plugins compatible for Editor in 37.34 ms, found 2 plugins.
Preloading 0 native plugins for Editor in 0.00 ms.
Invoked RoslynAnalysisRunner static constructor.
RoslynAnalysisRunner will not be running.
RoslynAnalysisRunner has terminated.
Mono: successfully reloaded assembly
- Completed reload, in  0.914 seconds
Platform modules already initialized, skipping
Registering precompiled user dll's ...
Registered in 0.003088 seconds.
Begin MonoManager ReloadAssembly
Native extension for WindowsStandalone target not found
Refreshing native plugins compatible for Editor in 38.40 ms, found 2 plugins.
Preloading 0 native plugins for Editor in 0.00 ms.
Invoked RoslynAnalysisRunner static constructor.
RoslynAnalysisRunner will not be running.
RoslynAnalysisRunner has terminated.
Mono: successfully reloaded assembly
- Completed reload, in  1.500 seconds
Platform modules already initialized, skipping
========================================================================
Worker process is ready to serve import requests
Launched and connected shader compiler UnityShaderCompiler.exe after 0.04 seconds
Refreshing native plugins compatible for Editor in 0.45 ms, found 2 plugins.
Preloading 0 native plugins for Editor in 0.00 ms.
Unloading 2134 Unused Serialized files (Serialized files now loaded: 0)
System memory in use before: 97.5 MB.
System memory in use after: 97.5 MB.

Unloading 37 unused Assets to reduce memory usage. Loaded Objects now: 2566.
Total: 3.081200 ms (FindLiveObjects: 0.803700 ms CreateObjectMapping: 0.222900 ms MarkObjects: 1.917400 ms  DeleteObjects: 0.134900 ms)

========================================================================
Received Import Request.
  path: Assets/Materials/Taş.mat
  artifactKey: Guid(2d64771d2d03258448c644c3ebf68170) Importer(815301076,1909f56bfc062723c751e8b465ee728b)
Start importing Assets/Materials/Taş.mat using Guid(2d64771d2d03258448c644c3ebf68170) Importer(815301076,1909f56bfc062723c751e8b465ee728b)  -> (artifact id: 'bcfcaa57e0fa2e321b3c932b9e1da53c') in 0.205444 seconds
  Import took 0.209892 seconds .

========================================================================
Received Import Request.
  Time since last request: 678.054425 seconds.
  path: Assets/Materials/StoneMaterial.mat
  artifactKey: Guid(517d7b90cbd72ac4080271975b824a97) Importer(815301076,1909f56bfc062723c751e8b465ee728b)
Start importing Assets/Materials/StoneMaterial.mat using Guid(517d7b90cbd72ac4080271975b824a97) Importer(815301076,1909f56bfc062723c751e8b465ee728b)  -> (artifact id: 'd970e46210601516e6846dadcd101099') in 0.055091 seconds
  Import took 0.059958 seconds .

========================================================================
Received Import Request.
  Time since last request: 652.957320 seconds.
  path: Assets/Scripts/CarAI.cs
  artifactKey: Guid(a055146b77ffccd4180a5b252e773f4f) Importer(815301076,1909f56bfc062723c751e8b465ee728b)
Start importing Assets/Scripts/CarAI.cs using Guid(a055146b77ffccd4180a5b252e773f4f) Importer(815301076,1909f56bfc062723c751e8b465ee728b)  -> (artifact id: 'd108c2099331a53edd8eaa8486d3b145') in 0.016439 seconds
  Import took 0.021430 seconds .

========================================================================
Received Import Request.
  Time since last request: 0.040541 seconds.
  path: Assets/Scripts/CarAI.cs
  artifactKey: Guid(a055146b77ffccd4180a5b252e773f4f) Importer(815301076,1909f56bfc062723c751e8b465ee728b)
Start importing Assets/Scripts/CarAI.cs using Guid(a055146b77ffccd4180a5b252e773f4f) Importer(815301076,1909f56bfc062723c751e8b465ee728b)  -> (artifact id: 'd108c2099331a53edd8eaa8486d3b145') in 0.005578 seconds
  Import took 0.009607 seconds .

========================================================================
Received Prepare
Registering precompiled user dll's ...
Registered in 0.003078 seconds.
Begin MonoManager ReloadAssembly
Native extension for WindowsStandalone target not found
Refreshing native plugins compatible for Editor in 0.43 ms, found 2 plugins.
Preloading 0 native plugins for Editor in 0.00 ms.
Invoked RoslynAnalysisRunner static constructor.
RoslynAnalysisRunner will not be running.
RoslynAnalysisRunner has terminated.
Mono: successfully reloaded assembly
- Completed reload, in  0.923 seconds
Platform modules already initialized, skipping
Refreshing native plugins compatible for Editor in 0.47 ms, found 2 plugins.
Preloading 0 native plugins for Editor in 0.00 ms.
Unloading 2130 Unused Serialized files (Serialized files now loaded: 0)
System memory in use before: 100.7 MB.
System memory in use after: 100.7 MB.

Unloading 25 unused Assets to reduce memory usage. Loaded Objects now: 2611.
Total: 2.449900 ms (FindLiveObjects: 0.198400 ms CreateObjectMapping: 0.080100 ms MarkObjects: 2.067800 ms  DeleteObjects: 0.102500 ms)

AssetImportWorkerClient::OnTransportError - code=2 error=End of file
